<?xml version="1.0" encoding="UTF-8"?>
<testng-results ignored="0" total="3" passed="2" failed="1" skipped="0">
  <reporter-output>
  </reporter-output>
  <suite started-at="2021-12-01T21:50:29 EST" name="Default Suite" finished-at="2021-12-01T21:50:54 EST" duration-ms="24735">
    <groups>
    </groups>
    <test started-at="2021-12-01T21:50:29 EST" name="TestNGC5" finished-at="2021-12-01T21:50:54 EST" duration-ms="24735">
      <class name="tests.HomeworkPractice">
        <test-method signature="loginFunctionalityNegativeTestCase(java.lang.String,java.lang.String)[pri:0, instance:tests.HomeworkPractice@73a1e9a9]" started-at="2021-12-01T21:50:29 EST" name="loginFunctionalityNegativeTestCase" data-provider="negativeLoginTestData" finished-at="2021-12-01T21:50:29 EST" duration-ms="367" status="FAIL">
          <exception class="org.testng.internal.reflect.MethodMatcherException">
            <message>
              <![CDATA[
[public void tests.HomeworkPractice.loginFunctionalityNegativeTestCase(java.lang.String,java.lang.String)] has no parameters defined but was found to be using a data provider (either explicitly specified or inherited from class level annotation).
Data provider mismatch
Method: loginFunctionalityNegativeTestCase([Parameter{index=0, type=java.lang.String, declaredAnnotations=[]}, Parameter{index=1, type=java.lang.String, declaredAnnotations=[]}])
Arguments: [(java.lang.String) laurie.parisian,(java.lang.String) 23D640E8,(java.lang.String) D4AAFCDE]]]>
            </message>
            <full-stacktrace>
              <![CDATA[org.testng.internal.reflect.MethodMatcherException: 
[public void tests.HomeworkPractice.loginFunctionalityNegativeTestCase(java.lang.String,java.lang.String)] has no parameters defined but was found to be using a data provider (either explicitly specified or inherited from class level annotation).
Data provider mismatch
Method: loginFunctionalityNegativeTestCase([Parameter{index=0, type=java.lang.String, declaredAnnotations=[]}, Parameter{index=1, type=java.lang.String, declaredAnnotations=[]}])
Arguments: [(java.lang.String) laurie.parisian,(java.lang.String) 23D640E8,(java.lang.String) D4AAFCDE]
at org.testng.internal.reflect.DataProviderMethodMatcher.getConformingArguments(DataProviderMethodMatcher.java:43)
at org.testng.internal.Parameters.injectParameters(Parameters.java:914)
at org.testng.internal.MethodRunner.runInSequence(MethodRunner.java:34)
at org.testng.internal.TestInvoker$MethodInvocationAgent.invoke(TestInvoker.java:824)
at org.testng.internal.TestInvoker.invokeTestMethods(TestInvoker.java:146)
at org.testng.internal.TestMethodWorker.invokeTestMethods(TestMethodWorker.java:146)
at org.testng.internal.TestMethodWorker.run(TestMethodWorker.java:128)
at java.base/java.util.ArrayList.forEach(ArrayList.java:1541)
at org.testng.TestRunner.privateRun(TestRunner.java:794)
at org.testng.TestRunner.run(TestRunner.java:596)
at org.testng.SuiteRunner.runTest(SuiteRunner.java:377)
at org.testng.SuiteRunner.runSequentially(SuiteRunner.java:371)
at org.testng.SuiteRunner.privateRun(SuiteRunner.java:332)
at org.testng.SuiteRunner.run(SuiteRunner.java:276)
at org.testng.SuiteRunnerWorker.runSuite(SuiteRunnerWorker.java:53)
at org.testng.SuiteRunnerWorker.run(SuiteRunnerWorker.java:96)
at org.testng.TestNG.runSuitesSequentially(TestNG.java:1212)
at org.testng.TestNG.runSuitesLocally(TestNG.java:1134)
at org.testng.TestNG.runSuites(TestNG.java:1063)
at org.testng.TestNG.run(TestNG.java:1031)
at com.intellij.rt.testng.IDEARemoteTestNG.run(IDEARemoteTestNG.java:66)
at com.intellij.rt.testng.RemoteTestNGStarter.main(RemoteTestNGStarter.java:109)
]]>
            </full-stacktrace>
          </exception> <!-- org.testng.internal.reflect.MethodMatcherException -->
          <reporter-output>
          </reporter-output>
        </test-method> <!-- loginFunctionalityNegativeTestCase -->
        <test-method is-config="true" signature="setUp()[pri:0, instance:tests.HomeworkPractice@73a1e9a9]" started-at="2021-12-01T21:50:29 EST" name="setUp" finished-at="2021-12-01T21:50:36 EST" duration-ms="6573" status="PASS">
          <reporter-output>
          </reporter-output>
        </test-method> <!-- setUp -->
        <test-method signature="testUserStory4()[pri:0, instance:tests.HomeworkPractice@73a1e9a9]" started-at="2021-12-01T21:50:36 EST" name="testUserStory4" finished-at="2021-12-01T21:50:44 EST" duration-ms="8346" status="PASS">
          <reporter-output>
          </reporter-output>
        </test-method> <!-- testUserStory4 -->
        <test-method is-config="true" signature="tearDown()[pri:0, instance:tests.HomeworkPractice@73a1e9a9]" started-at="2021-12-01T21:50:44 EST" name="tearDown" finished-at="2021-12-01T21:50:44 EST" duration-ms="142" status="PASS">
          <reporter-output>
          </reporter-output>
        </test-method> <!-- tearDown -->
        <test-method is-config="true" signature="setUp()[pri:0, instance:tests.HomeworkPractice@73a1e9a9]" started-at="2021-12-01T21:50:44 EST" name="setUp" finished-at="2021-12-01T21:50:46 EST" duration-ms="1600" status="PASS">
          <reporter-output>
          </reporter-output>
        </test-method> <!-- setUp -->
        <test-method signature="testUserStory5()[pri:0, instance:tests.HomeworkPractice@73a1e9a9]" started-at="2021-12-01T21:50:46 EST" name="testUserStory5" finished-at="2021-12-01T21:50:53 EST" duration-ms="7472" status="PASS">
          <reporter-output>
          </reporter-output>
        </test-method> <!-- testUserStory5 -->
        <test-method is-config="true" signature="tearDown()[pri:0, instance:tests.HomeworkPractice@73a1e9a9]" started-at="2021-12-01T21:50:53 EST" name="tearDown" finished-at="2021-12-01T21:50:54 EST" duration-ms="160" status="PASS">
          <reporter-output>
          </reporter-output>
        </test-method> <!-- tearDown -->
      </class> <!-- tests.HomeworkPractice -->
    </test> <!-- TestNGC5 -->
  </suite> <!-- Default Suite -->
</testng-results>
