<?xml version="1.0" encoding="UTF-8"?>
<!-- Generated by org.testng.reporters.JUnitXMLReporter -->
<testsuite ignored="0" hostname="Dmytros-MacBook-Pro.local" failures="1" tests="3" name="TestNGC5" time="24.735" errors="0" timestamp="2021-12-01T21:50:54 EST">
  <testcase classname="tests.HomeworkPractice" name="loginFunctionalityNegativeTestCase" time="0.367">
    <failure type="org.testng.internal.reflect.MethodMatcherException" message="
[public void tests.HomeworkPractice.loginFunctionalityNegativeTestCase(java.lang.String,java.lang.String)] has no parameters defined but was found to be using a data provider (either explicitly specified or inherited from class level annotation).
Data provider mismatch
Method: loginFunctionalityNegativeTestCase([Parameter{index=0, type=java.lang.String, declaredAnnotations=[]}, Parameter{index=1, type=java.lang.String, declaredAnnotations=[]}])
Arguments: [(java.lang.String) laurie.parisian,(java.lang.String) 23D640E8,(java.lang.String) D4AAFCDE]">
      <![CDATA[org.testng.internal.reflect.MethodMatcherException: 
[public void tests.HomeworkPractice.loginFunctionalityNegativeTestCase(java.lang.String,java.lang.String)] has no parameters defined but was found to be using a data provider (either explicitly specified or inherited from class level annotation).
Data provider mismatch
Method: loginFunctionalityNegativeTestCase([Parameter{index=0, type=java.lang.String, declaredAnnotations=[]}, Parameter{index=1, type=java.lang.String, declaredAnnotations=[]}])
Arguments: [(java.lang.String) laurie.parisian,(java.lang.String) 23D640E8,(java.lang.String) D4AAFCDE]
at java.base/java.util.ArrayList.forEach(ArrayList.java:1541)
at com.intellij.rt.testng.IDEARemoteTestNG.run(IDEARemoteTestNG.java:66)
at com.intellij.rt.testng.RemoteTestNGStarter.main(RemoteTestNGStarter.java:109)
... Removed 19 stack frames]]>
    </failure>
  </testcase> <!-- loginFunctionalityNegativeTestCase -->
  <testcase classname="tests.HomeworkPractice" name="testUserStory4" time="8.346"/>
  <testcase classname="tests.HomeworkPractice" name="testUserStory5" time="7.472"/>
</testsuite> <!-- TestNGC5 -->
